<?xml version="1.0" encoding="utf-8"?><testsuites name="pytest tests"><testsuite name="pytest" errors="0" failures="0" skipped="0" tests="16" time="2.488" timestamp="2026-02-18T02:38:36.848328+00:00" hostname="agent-env-df09c9f4-ca80-47ec-8eb2-9d2cd1f9da43"><testcase classname="tests.test_creator_features.TestPublicEndpoints" name="test_events_list" time="0.131" /><testcase classname="tests.test_creator_features.TestPublicEndpoints" name="test_event_detail" time="0.254" /><testcase classname="tests.test_creator_features.TestCreatorOnboarding" name="test_onboarding_status" time="0.150" /><testcase classname="tests.test_creator_features.TestCreatorOnboarding" name="test_complete_onboarding" time="0.124" /><testcase classname="tests.test_creator_features.TestCreatorBankLinking" name="test_bank_status_initial" time="0.107" /><testcase classname="tests.test_creator_features.TestCreatorBankLinking" name="test_link_bank_account" time="0.120" /><testcase classname="tests.test_creator_features.TestCreatorBankLinking" name="test_bank_status_after_linking" time="0.131" /><testcase classname="tests.test_creator_features.TestCreatorPayouts" name="test_earnings" time="0.111" /><testcase classname="tests.test_creator_features.TestCreatorPayouts" name="test_payout_history" time="0.153" /><testcase classname="tests.test_creator_features.TestCreatorPayouts" name="test_withdraw_insufficient_balance" time="0.130" /><testcase classname="tests.test_creator_features.TestCreatorPayouts" name="test_withdraw_minimum_amount" time="0.125" /><testcase classname="tests.test_creator_features.TestMultiImageUpload" name="test_upload_gallery_endpoint_exists" time="0.142" /><testcase classname="tests.test_creator_features.TestAdminLogin" name="test_admin_login_success" time="0.150" /><testcase classname="tests.test_creator_features.TestAdminLogin" name="test_admin_login_invalid_credentials" time="0.117" /><testcase classname="tests.test_creator_features.TestAdminLogin" name="test_admin_dashboard" time="0.272" /><testcase classname="tests.test_creator_features.TestCreatorEvents" name="test_my_events" time="0.202" /></testsuite></testsuites>