<?xml version="1.0" encoding="utf-8"?><testsuites name="pytest tests"><testsuite name="pytest" errors="0" failures="0" skipped="0" tests="12" time="3.408" timestamp="2026-02-26T20:39:09.641737+00:00" hostname="agent-env-3890ae88-0afc-4765-a3be-03a83936ef7e"><testcase classname="backend.tests.test_pro_mode_unlock.TestProModeUnlockCheckout" name="test_pro_mode_checkout_creates_stripe_session" time="0.703" /><testcase classname="backend.tests.test_pro_mode_unlock.TestProModeUnlockCheckout" name="test_pro_mode_checkout_with_promo_code" time="0.470" /><testcase classname="backend.tests.test_pro_mode_unlock.TestProModeUnlockCheckout" name="test_pro_mode_checkout_rejects_premium_event" time="0.168" /><testcase classname="backend.tests.test_pro_mode_unlock.TestProModeUnlockCheckout" name="test_pro_mode_checkout_requires_authentication" time="0.133" /><testcase classname="backend.tests.test_pro_mode_unlock.TestProModeUnlockCheckout" name="test_pro_mode_checkout_requires_creator_role" time="0.427" /><testcase classname="backend.tests.test_pro_mode_unlock.TestProModeUnlockCheckout" name="test_pro_mode_checkout_requires_event_ownership" time="0.105" /><testcase classname="backend.tests.test_pro_mode_unlock.TestProModeUnlockCheckout" name="test_pro_mode_checkout_requires_event_id" time="0.137" /><testcase classname="backend.tests.test_pro_mode_unlock.TestProModeUnlockCheckout" name="test_pro_mode_checkout_requires_origin_url" time="0.117" /><testcase classname="backend.tests.test_pro_mode_unlock.TestProModeUnlockCheckout" name="test_pro_mode_checkout_with_invalid_promo_code" time="0.424" /><testcase classname="backend.tests.test_pro_mode_unlock.TestPaymentStatusEndpoint" name="test_payment_status_endpoint_exists" time="0.348" /><testcase classname="backend.tests.test_pro_mode_unlock.TestEventEndpoints" name="test_free_event_has_free_package" time="0.171" /><testcase classname="backend.tests.test_pro_mode_unlock.TestEventEndpoints" name="test_premium_event_has_premium_package" time="0.135" /></testsuite></testsuites>