<?xml version="1.0" encoding="utf-8"?><testsuites name="pytest tests"><testsuite name="pytest" errors="0" failures="1" skipped="0" tests="12" time="4.522" timestamp="2026-02-19T17:37:31.025285+00:00" hostname="agent-env-ad15c1de-df67-4152-836b-bd5530e054b5"><testcase classname="backend.tests.test_geo_city_state.TestGeoLocationSearch" name="test_search_location_no_params" time="0.371" /><testcase classname="backend.tests.test_geo_city_state.TestGeoLocationSearch" name="test_search_location_by_city" time="0.158" /><testcase classname="backend.tests.test_geo_city_state.TestGeoLocationSearch" name="test_search_location_by_state" time="0.149" /><testcase classname="backend.tests.test_geo_city_state.TestGeoLocationSearch" name="test_search_location_by_city_and_state" time="0.278" /><testcase classname="backend.tests.test_geo_city_state.TestEventGeoFields" name="test_create_event_with_geo_fields" time="0.902" /><testcase classname="backend.tests.test_geo_city_state.TestEventGeoFields" name="test_create_event_without_geo_restriction" time="0.391" /><testcase classname="backend.tests.test_geo_city_state.TestGeoCheckEndpoint" name="test_check_geo_non_restricted_event" time="0.693" /><testcase classname="backend.tests.test_geo_city_state.TestGeoCheckEndpoint" name="test_check_geo_within_radius" time="0.743" /><testcase classname="backend.tests.test_geo_city_state.TestGeoCheckEndpoint" name="test_check_geo_outside_radius" time="0.114" /><testcase classname="backend.tests.test_geo_city_state.TestGeoCheckEndpoint" name="test_check_geo_no_coordinates" time="0.162" /><testcase classname="backend.tests.test_geo_city_state.TestGeoCheckEndpoint" name="test_check_geo_event_not_found" time="0.270" /><testcase classname="backend.tests.test_geo_city_state.TestEventLocationsEndpoint" name="test_get_event_locations" time="0.142"><failure message="assert 404 == 200&#10; +  where 404 = &lt;Response [404]&gt;.status_code">backend/tests/test_geo_city_state.py:336: in test_get_event_locations
    assert response.status_code == 200
E   assert 404 == 200
E    +  where 404 = &lt;Response [404]&gt;.status_code</failure></testcase></testsuite></testsuites>