<?xml version="1.0" encoding="utf-8"?><testsuites name="pytest tests"><testsuite name="pytest" errors="0" failures="0" skipped="0" tests="13" time="3.715" timestamp="2026-02-26T22:53:23.852440+00:00" hostname="agent-env-3890ae88-0afc-4765-a3be-03a83936ef7e"><testcase classname="backend.tests.test_chat_reactions_defaults.TestEventChatReactionsDefaults" name="test_get_events_returns_chat_enabled_field" time="0.226" /><testcase classname="backend.tests.test_chat_reactions_defaults.TestEventChatReactionsDefaults" name="test_get_events_returns_reactions_enabled_field" time="0.121" /><testcase classname="backend.tests.test_chat_reactions_defaults.TestEventChatReactionsDefaults" name="test_get_single_event_has_chat_fields" time="0.286" /><testcase classname="backend.tests.test_chat_reactions_defaults.TestEventCreationWithChatReactions" name="test_create_event_with_chat_enabled_true" time="0.284" /><testcase classname="backend.tests.test_chat_reactions_defaults.TestEventCreationWithChatReactions" name="test_create_event_with_chat_disabled" time="0.252" /><testcase classname="backend.tests.test_chat_reactions_defaults.TestEventCreationWithChatReactions" name="test_create_event_default_values" time="0.328" /><testcase classname="backend.tests.test_chat_reactions_defaults.TestGeoFencing" name="test_geo_check_non_restricted_event" time="0.279" /><testcase classname="backend.tests.test_chat_reactions_defaults.TestGeoFencing" name="test_create_geo_restricted_event" time="0.515" /><testcase classname="backend.tests.test_chat_reactions_defaults.TestChatEndpoints" name="test_get_chat_messages" time="0.264" /><testcase classname="backend.tests.test_chat_reactions_defaults.TestChatEndpoints" name="test_get_chat_viewer_count" time="0.283" /><testcase classname="backend.tests.test_chat_reactions_defaults.TestReactionsEndpoints" name="test_get_reactions_count" time="0.279" /><testcase classname="backend.tests.test_chat_reactions_defaults.TestReactionsEndpoints" name="test_post_reaction_to_event" time="0.415" /><testcase classname="backend.tests.test_chat_reactions_defaults.TestCreatorMyEvents" name="test_my_events_has_chat_fields" time="0.115" /></testsuite></testsuites>