<?xml version="1.0" encoding="utf-8"?><testsuites name="pytest tests"><testsuite name="pytest" errors="0" failures="0" skipped="0" tests="19" time="4.290" timestamp="2026-02-18T17:21:13.179309+00:00" hostname="agent-env-df09c9f4-ca80-47ec-8eb2-9d2cd1f9da43"><testcase classname="backend.tests.test_chat_reactions.TestChatEndpoints" name="test_get_chat_messages_enabled_event" time="0.238" /><testcase classname="backend.tests.test_chat_reactions.TestChatEndpoints" name="test_get_chat_messages_disabled_event" time="0.135" /><testcase classname="backend.tests.test_chat_reactions.TestChatEndpoints" name="test_get_chat_messages_invalid_event" time="0.174" /><testcase classname="backend.tests.test_chat_reactions.TestChatEndpoints" name="test_send_chat_message_authenticated" time="0.119" /><testcase classname="backend.tests.test_chat_reactions.TestChatEndpoints" name="test_send_chat_message_unauthenticated" time="0.275" /><testcase classname="backend.tests.test_chat_reactions.TestChatEndpoints" name="test_send_chat_message_disabled_event" time="0.191" /><testcase classname="backend.tests.test_chat_reactions.TestReactionsEndpoints" name="test_get_reaction_counts" time="0.218" /><testcase classname="backend.tests.test_chat_reactions.TestReactionsEndpoints" name="test_get_reaction_counts_disabled_event" time="0.113" /><testcase classname="backend.tests.test_chat_reactions.TestReactionsEndpoints" name="test_send_reaction_authenticated" time="0.166" /><testcase classname="backend.tests.test_chat_reactions.TestReactionsEndpoints" name="test_send_reaction_all_types" time="0.791" /><testcase classname="backend.tests.test_chat_reactions.TestReactionsEndpoints" name="test_send_reaction_invalid_type" time="0.158" /><testcase classname="backend.tests.test_chat_reactions.TestReactionsEndpoints" name="test_send_reaction_unauthenticated" time="0.123" /><testcase classname="backend.tests.test_chat_reactions.TestReactionsEndpoints" name="test_send_reaction_disabled_event" time="0.140" /><testcase classname="backend.tests.test_chat_reactions.TestEventChatSettings" name="test_get_event_with_chat_settings" time="0.124" /><testcase classname="backend.tests.test_chat_reactions.TestEventChatSettings" name="test_get_event_without_chat_settings" time="0.162" /><testcase classname="backend.tests.test_chat_reactions.TestChatModeration" name="test_pin_message_as_creator" time="0.330" /><testcase classname="backend.tests.test_chat_reactions.TestChatModeration" name="test_hide_message_as_creator" time="0.409" /><testcase classname="backend.tests.test_chat_reactions.TestPublicEndpoints" name="test_homepage_events_list" time="0.120" /><testcase classname="backend.tests.test_chat_reactions.TestPublicEndpoints" name="test_admin_login" time="0.186" /></testsuite></testsuites>