<?xml version="1.0" encoding="utf-8"?><testsuites name="pytest tests"><testsuite name="pytest" errors="0" failures="0" skipped="0" tests="15" time="2.478" timestamp="2026-02-18T02:56:48.773566+00:00" hostname="agent-env-df09c9f4-ca80-47ec-8eb2-9d2cd1f9da43"><testcase classname="backend.tests.test_showmelive_features.TestPublicEndpoints" name="test_homepage_events_list" time="0.180" /><testcase classname="backend.tests.test_showmelive_features.TestPublicEndpoints" name="test_single_event_details" time="0.339" /><testcase classname="backend.tests.test_showmelive_features.TestCreatorAnalytics" name="test_analytics_endpoint_returns_data" time="0.146" /><testcase classname="backend.tests.test_showmelive_features.TestCreatorAnalytics" name="test_analytics_revenue_trend" time="0.154" /><testcase classname="backend.tests.test_showmelive_features.TestCreatorAnalytics" name="test_analytics_category_breakdown" time="0.171" /><testcase classname="backend.tests.test_showmelive_features.TestCreatorAnalytics" name="test_analytics_top_events" time="0.111" /><testcase classname="backend.tests.test_showmelive_features.TestCreatorDashboard" name="test_creator_earnings" time="0.121" /><testcase classname="backend.tests.test_showmelive_features.TestCreatorDashboard" name="test_creator_my_events" time="0.123" /><testcase classname="backend.tests.test_showmelive_features.TestCreatorDashboard" name="test_onboarding_status" time="0.171" /><testcase classname="backend.tests.test_showmelive_features.TestControlPanelAPIs" name="test_get_event_for_control_panel" time="0.107" /><testcase classname="backend.tests.test_showmelive_features.TestControlPanelAPIs" name="test_get_streaming_devices" time="0.135" /><testcase classname="backend.tests.test_showmelive_features.TestAdminPanel" name="test_admin_login" time="0.111" /><testcase classname="backend.tests.test_showmelive_features.TestAdminPanel" name="test_admin_dashboard" time="0.306" /><testcase classname="backend.tests.test_showmelive_features.TestBankAndPayouts" name="test_bank_status" time="0.118" /><testcase classname="backend.tests.test_showmelive_features.TestBankAndPayouts" name="test_payout_history" time="0.114" /></testsuite></testsuites>