<?xml version="1.0" encoding="utf-8"?><testsuites name="pytest tests"><testsuite name="pytest" errors="0" failures="0" skipped="0" tests="13" time="2.967" timestamp="2026-02-27T14:41:40.218554+00:00" hostname="agent-env-3890ae88-0afc-4765-a3be-03a83936ef7e"><testcase classname="backend.tests.test_bug_fixes_iteration23.TestProModeSwitchDevice" name="test_switch_device_endpoint_exists" time="0.262" /><testcase classname="backend.tests.test_bug_fixes_iteration23.TestProModeSwitchDevice" name="test_switch_device_with_auth" time="0.147" /><testcase classname="backend.tests.test_bug_fixes_iteration23.TestDeleteEventAPI" name="test_delete_event_requires_auth" time="0.178" /><testcase classname="backend.tests.test_bug_fixes_iteration23.TestDeleteEventAPI" name="test_delete_event_requires_creator_role" time="0.163" /><testcase classname="backend.tests.test_bug_fixes_iteration23.TestDeleteEventAPI" name="test_delete_nonexistent_event" time="0.106" /><testcase classname="backend.tests.test_bug_fixes_iteration23.TestDeleteTicketAPI" name="test_delete_ticket_requires_auth" time="0.132" /><testcase classname="backend.tests.test_bug_fixes_iteration23.TestDeleteTicketAPI" name="test_delete_nonexistent_ticket" time="0.176" /><testcase classname="backend.tests.test_bug_fixes_iteration23.TestEventCreationToggles" name="test_create_event_with_chat_disabled" time="0.235" /><testcase classname="backend.tests.test_bug_fixes_iteration23.TestEventCreationToggles" name="test_create_event_with_chat_enabled" time="0.323" /><testcase classname="backend.tests.test_bug_fixes_iteration23.TestEventCreationToggles" name="test_create_event_with_geo_restricted" time="0.235" /><testcase classname="backend.tests.test_bug_fixes_iteration23.TestEventCreationToggles" name="test_create_event_without_geo_restriction" time="0.289" /><testcase classname="backend.tests.test_bug_fixes_iteration23.TestCreatorSessionValidity" name="test_creator_session_valid" time="0.133" /><testcase classname="backend.tests.test_bug_fixes_iteration23.TestDeleteEventFullFlow" name="test_create_and_delete_event" time="0.478" /></testsuite></testsuites>