<?xml version="1.0" encoding="utf-8"?><testsuites name="pytest tests"><testsuite name="pytest" errors="0" failures="1" skipped="0" tests="16" time="2.966" timestamp="2026-02-26T21:32:03.821927+00:00" hostname="agent-env-3890ae88-0afc-4765-a3be-03a83936ef7e"><testcase classname="backend.tests.test_security_privacy.TestSecurityCheckStatus" name="test_check_status_authenticated" time="0.217" /><testcase classname="backend.tests.test_security_privacy.TestSecurityCheckStatus" name="test_check_status_unauthenticated" time="0.178" /><testcase classname="backend.tests.test_security_privacy.TestSecurityReportCapture" name="test_report_screenshot_capture" time="0.147" /><testcase classname="backend.tests.test_security_privacy.TestSecurityReportCapture" name="test_report_recording_capture" time="0.160"><failure message="KeyError: 'event_logged'">backend/tests/test_security_privacy.py:97: in test_report_recording_capture
    assert data["event_logged"] == True
           ^^^^^^^^^^^^^^^^^^^^
E   KeyError: 'event_logged'</failure></testcase><testcase classname="backend.tests.test_security_privacy.TestSecurityReportCapture" name="test_report_screen_share_capture" time="0.132" /><testcase classname="backend.tests.test_security_privacy.TestSecurityReportCapture" name="test_report_visibility_hidden" time="0.188" /><testcase classname="backend.tests.test_security_privacy.TestSecurityReportCapture" name="test_report_capture_unauthenticated" time="0.126" /><testcase classname="backend.tests.test_security_privacy.TestAdminSecurityEndpoints" name="test_get_user_violations_admin" time="0.131" /><testcase classname="backend.tests.test_security_privacy.TestAdminSecurityEndpoints" name="test_get_user_violations_non_admin" time="0.145" /><testcase classname="backend.tests.test_security_privacy.TestAdminSecurityEndpoints" name="test_get_user_violations_unauthenticated" time="0.128" /><testcase classname="backend.tests.test_security_privacy.TestAdminSecurityEndpoints" name="test_lift_suspension_admin" time="0.317" /><testcase classname="backend.tests.test_security_privacy.TestAdminSecurityEndpoints" name="test_lift_suspension_non_admin" time="0.232" /><testcase classname="backend.tests.test_security_privacy.TestAdminSecurityEndpoints" name="test_lift_suspension_nonexistent_user" time="0.147" /><testcase classname="backend.tests.test_security_privacy.TestEscalationPolicy" name="test_escalation_thresholds_documented" time="0.204" /><testcase classname="backend.tests.test_security_privacy.TestSecurityEventLogging" name="test_events_contain_required_fields" time="0.129" /><testcase classname="backend.tests.test_security_privacy.TestSecurityResponseMessages" name="test_response_contains_message" time="0.248" /></testsuite></testsuites>