<?xml version="1.0" encoding="utf-8"?><testsuites name="pytest tests"><testsuite name="pytest" errors="0" failures="0" skipped="0" tests="9" time="4.339" timestamp="2026-02-27T03:20:34.165654+00:00" hostname="agent-env-3890ae88-0afc-4765-a3be-03a83936ef7e"><testcase classname="backend.tests.test_delete_and_ui_fixes.TestDeleteEventAPI" name="test_creator_auth_works" time="0.216" /><testcase classname="backend.tests.test_delete_and_ui_fixes.TestDeleteEventAPI" name="test_create_and_delete_event" time="0.362" /><testcase classname="backend.tests.test_delete_and_ui_fixes.TestDeleteEventAPI" name="test_cannot_delete_other_creator_event" time="0.127" /><testcase classname="backend.tests.test_delete_and_ui_fixes.TestDeleteEventAPI" name="test_cannot_delete_live_event" time="0.998" /><testcase classname="backend.tests.test_delete_and_ui_fixes.TestDeleteTicketAPI" name="test_viewer_can_delete_ticket" time="0.881" /><testcase classname="backend.tests.test_delete_and_ui_fixes.TestDeleteTicketAPI" name="test_cannot_delete_other_viewer_ticket" time="0.507" /><testcase classname="backend.tests.test_delete_and_ui_fixes.TestEventCreationWithChatReactions" name="test_create_event_with_chat_enabled" time="0.217" /><testcase classname="backend.tests.test_delete_and_ui_fixes.TestEventCreationWithChatReactions" name="test_create_event_with_geo_restricted" time="0.283" /><testcase classname="backend.tests.test_delete_and_ui_fixes.TestProModeCameraIdentity" name="test_pro_mode_device_registration_endpoint" time="0.688" /></testsuite></testsuites>