<?xml version="1.0" encoding="utf-8"?><testsuites name="pytest tests"><testsuite name="pytest" errors="0" failures="0" skipped="0" tests="20" time="5.613" timestamp="2026-02-18T23:38:19.502425+00:00" hostname="agent-env-57560d5a-3573-4257-9f2f-749eedc316d0"><testcase classname="backend.tests.test_notifications.TestNotificationEndpoints" name="test_get_notifications_requires_auth" time="1.619" /><testcase classname="backend.tests.test_notifications.TestNotificationEndpoints" name="test_get_notifications_with_auth" time="0.166" /><testcase classname="backend.tests.test_notifications.TestNotificationEndpoints" name="test_get_unread_count_requires_auth" time="0.124" /><testcase classname="backend.tests.test_notifications.TestNotificationEndpoints" name="test_get_unread_count_with_auth" time="0.114" /><testcase classname="backend.tests.test_notifications.TestGoLiveNotifications" name="test_go_live_requires_auth" time="0.125" /><testcase classname="backend.tests.test_notifications.TestGoLiveNotifications" name="test_go_live_requires_creator" time="0.147" /><testcase classname="backend.tests.test_notifications.TestGoLiveNotifications" name="test_go_live_success" time="0.280" /><testcase classname="backend.tests.test_notifications.TestGoLiveNotifications" name="test_go_live_already_live" time="0.108" /><testcase classname="backend.tests.test_notifications.TestGoLiveNotifications" name="test_viewer_received_notification" time="0.152" /><testcase classname="backend.tests.test_notifications.TestNotificationActions" name="test_mark_notification_read" time="0.325" /><testcase classname="backend.tests.test_notifications.TestNotificationActions" name="test_mark_notification_read_not_found" time="0.148" /><testcase classname="backend.tests.test_notifications.TestNotificationActions" name="test_mark_all_read" time="0.244" /><testcase classname="backend.tests.test_notifications.TestNotificationActions" name="test_delete_notification" time="0.258" /><testcase classname="backend.tests.test_notifications.TestNotificationActions" name="test_delete_notification_not_found" time="0.129" /><testcase classname="backend.tests.test_notifications.TestEndEvent" name="test_end_event_requires_auth" time="0.143" /><testcase classname="backend.tests.test_notifications.TestEndEvent" name="test_end_event_requires_creator" time="0.110" /><testcase classname="backend.tests.test_notifications.TestEndEvent" name="test_end_event_success" time="0.240" /><testcase classname="backend.tests.test_notifications.TestWebSocketNotifications" name="test_websocket_requires_token" time="0.159" /><testcase classname="backend.tests.test_notifications.TestWebSocketNotifications" name="test_websocket_rejects_invalid_token" time="0.291" /><testcase classname="backend.tests.test_notifications.TestWebSocketNotifications" name="test_websocket_connects_with_valid_token" time="0.661" /></testsuite></testsuites>