<?xml version="1.0" encoding="utf-8"?><testsuites name="pytest tests"><testsuite name="pytest" errors="0" failures="0" skipped="0" tests="17" time="2.575" timestamp="2026-02-19T02:13:28.764213+00:00" hostname="agent-env-57560d5a-3573-4257-9f2f-749eedc316d0"><testcase classname="tests.test_event_reminders_antipiracy.TestHealthAndBasics" name="test_events_endpoint" time="0.208" /><testcase classname="tests.test_event_reminders_antipiracy.TestEventGoLive" name="test_get_events_list" time="0.142" /><testcase classname="tests.test_event_reminders_antipiracy.TestEventGoLive" name="test_event_go_live_requires_auth" time="0.127" /><testcase classname="tests.test_event_reminders_antipiracy.TestEventGoLive" name="test_event_go_live_with_creator" time="0.216" /><testcase classname="tests.test_event_reminders_antipiracy.TestPromoCodesFunctionality" name="test_admin_login" time="0.130" /><testcase classname="tests.test_event_reminders_antipiracy.TestPromoCodesFunctionality" name="test_get_promo_codes_requires_admin" time="0.146" /><testcase classname="tests.test_event_reminders_antipiracy.TestPromoCodesFunctionality" name="test_get_promo_codes_with_admin" time="0.234" /><testcase classname="tests.test_event_reminders_antipiracy.TestPromoCodesFunctionality" name="test_create_promo_code" time="0.109" /><testcase classname="tests.test_event_reminders_antipiracy.TestStripeConnectPayouts" name="test_stripe_connect_status_requires_auth" time="0.121" /><testcase classname="tests.test_event_reminders_antipiracy.TestStripeConnectPayouts" name="test_stripe_connect_status_with_creator" time="0.126" /><testcase classname="tests.test_event_reminders_antipiracy.TestStripeConnectPayouts" name="test_stripe_connect_create_account_requires_auth" time="0.134" /><testcase classname="tests.test_event_reminders_antipiracy.TestNotificationsEndpoints" name="test_get_notifications_requires_auth" time="0.107" /><testcase classname="tests.test_event_reminders_antipiracy.TestNotificationsEndpoints" name="test_get_notifications_with_user" time="0.140" /><testcase classname="tests.test_event_reminders_antipiracy.TestRoleSelection" name="test_set_role_requires_auth" time="0.203" /><testcase classname="tests.test_event_reminders_antipiracy.TestRoleSelection" name="test_set_viewer_role" time="0.126" /><testcase classname="tests.test_event_reminders_antipiracy.TestRoleSelection" name="test_set_creator_role" time="0.122" /><testcase classname="tests.test_event_reminders_antipiracy.TestRoleSelection" name="test_invalid_role_rejected" time="0.119" /></testsuite></testsuites>