<?xml version="1.0" encoding="utf-8"?><testsuites name="pytest tests"><testsuite name="pytest" errors="0" failures="0" skipped="0" tests="13" time="2.475" timestamp="2026-02-18T20:30:26.867778+00:00" hostname="agent-env-df09c9f4-ca80-47ec-8eb2-9d2cd1f9da43"><testcase classname="tests.test_livekit_configured.TestLiveKitConfiguration" name="test_stream_status_returns_livekit_configured_true" time="0.255" /><testcase classname="tests.test_livekit_configured.TestLiveKitConfiguration" name="test_stream_status_for_different_event" time="0.107" /><testcase classname="tests.test_livekit_configured.TestLiveKitConfiguration" name="test_stream_status_returns_404_for_invalid_event" time="0.144" /><testcase classname="tests.test_livekit_configured.TestLiveKitTokenGeneration" name="test_join_as_creator_requires_auth" time="0.193" /><testcase classname="tests.test_livekit_configured.TestLiveKitTokenGeneration" name="test_join_as_creator_returns_real_jwt_token" time="0.178" /><testcase classname="tests.test_livekit_configured.TestLiveKitTokenGeneration" name="test_join_as_viewer_requires_auth" time="0.120" /><testcase classname="tests.test_livekit_configured.TestLiveKitTokenGeneration" name="test_end_stream_requires_auth" time="0.155" /><testcase classname="tests.test_livekit_configured.TestHomepageAndEvents" name="test_events_list_returns_200" time="0.154" /><testcase classname="tests.test_livekit_configured.TestHomepageAndEvents" name="test_event_detail_returns_200" time="0.136" /><testcase classname="tests.test_livekit_configured.TestAdminPanel" name="test_admin_login_works" time="0.253" /><testcase classname="tests.test_livekit_configured.TestAdminPanel" name="test_admin_dashboard_requires_auth" time="0.134" /><testcase classname="tests.test_livekit_configured.TestAdminPanel" name="test_admin_dashboard_returns_stats" time="0.364" /><testcase classname="tests.test_livekit_configured.TestPlaidStatus" name="test_plaid_status_returns_not_configured" time="0.171" /></testsuite></testsuites>