<?xml version="1.0" encoding="utf-8"?><testsuites name="pytest tests"><testsuite name="pytest" errors="0" failures="0" skipped="0" tests="15" time="2.374" timestamp="2026-02-18T18:20:49.801649+00:00" hostname="agent-env-df09c9f4-ca80-47ec-8eb2-9d2cd1f9da43"><testcase classname="backend.tests.test_livekit_plaid.TestPlaidStatusAPI" name="test_plaid_status_returns_configured_flag" time="0.268" /><testcase classname="backend.tests.test_livekit_plaid.TestPlaidStatusAPI" name="test_plaid_create_link_token_requires_auth" time="0.150" /><testcase classname="backend.tests.test_livekit_plaid.TestPlaidStatusAPI" name="test_plaid_create_link_token_requires_creator_role" time="0.280" /><testcase classname="backend.tests.test_livekit_plaid.TestLiveKitStreamStatusAPI" name="test_stream_status_returns_livekit_configured_flag" time="0.127" /><testcase classname="backend.tests.test_livekit_plaid.TestLiveKitStreamStatusAPI" name="test_stream_status_with_existing_event" time="0.146" /><testcase classname="backend.tests.test_livekit_plaid.TestLiveKitStreamStatusAPI" name="test_stream_status_returns_404_for_invalid_event" time="0.109" /><testcase classname="backend.tests.test_livekit_plaid.TestLiveKitStreamStatusAPI" name="test_stream_status_shows_viewer_count" time="0.106" /><testcase classname="backend.tests.test_livekit_plaid.TestLiveKitCreatorEndpoints" name="test_join_as_creator_requires_auth" time="0.138" /><testcase classname="backend.tests.test_livekit_plaid.TestLiveKitCreatorEndpoints" name="test_join_as_creator_requires_creator_role" time="0.160" /><testcase classname="backend.tests.test_livekit_plaid.TestLiveKitCreatorEndpoints" name="test_join_as_creator_returns_404_for_invalid_event" time="0.136" /><testcase classname="backend.tests.test_livekit_plaid.TestLiveKitViewerEndpoints" name="test_join_as_viewer_requires_auth" time="0.114" /><testcase classname="backend.tests.test_livekit_plaid.TestEndStreamEndpoint" name="test_end_stream_requires_auth" time="0.173" /><testcase classname="backend.tests.test_livekit_plaid.TestHomepageAndAdminStillWork" name="test_homepage_events_api" time="0.116" /><testcase classname="backend.tests.test_livekit_plaid.TestHomepageAndAdminStillWork" name="test_admin_login_works" time="0.104" /><testcase classname="backend.tests.test_livekit_plaid.TestHomepageAndAdminStillWork" name="test_admin_dashboard_requires_auth" time="0.131" /></testsuite></testsuites>