<?xml version="1.0" encoding="utf-8"?><testsuites name="pytest tests"><testsuite name="pytest" errors="0" failures="2" skipped="0" tests="9" time="3.905" timestamp="2026-02-27T03:19:51.703394+00:00" hostname="agent-env-3890ae88-0afc-4765-a3be-03a83936ef7e"><testcase classname="backend.tests.test_delete_and_ui_fixes.TestDeleteEventAPI" name="test_creator_auth_works" time="0.189" /><testcase classname="backend.tests.test_delete_and_ui_fixes.TestDeleteEventAPI" name="test_create_and_delete_event" time="0.310" /><testcase classname="backend.tests.test_delete_and_ui_fixes.TestDeleteEventAPI" name="test_cannot_delete_other_creator_event" time="0.138" /><testcase classname="backend.tests.test_delete_and_ui_fixes.TestDeleteEventAPI" name="test_cannot_delete_live_event" time="1.098" /><testcase classname="backend.tests.test_delete_and_ui_fixes.TestDeleteTicketAPI" name="test_viewer_can_delete_ticket" time="0.651"><failure message="AssertionError: Failed to create ticket: {&quot;detail&quot;:&quot;Invalid or expired session&quot;}&#10;assert 401 == 200&#10; +  where 401 = &lt;Response [401]&gt;.status_code">backend/tests/test_delete_and_ui_fixes.py:212: in test_viewer_can_delete_ticket
    assert ticket_response.status_code == 200, f"Failed to create ticket: {ticket_response.text}"
E   AssertionError: Failed to create ticket: {"detail":"Invalid or expired session"}
E   assert 401 == 200
E    +  where 401 = &lt;Response [401]&gt;.status_code</failure></testcase><testcase classname="backend.tests.test_delete_and_ui_fixes.TestDeleteTicketAPI" name="test_cannot_delete_other_viewer_ticket" time="0.503"><failure message="assert 401 == 404&#10; +  where 401 = &lt;Response [401]&gt;.status_code">backend/tests/test_delete_and_ui_fixes.py:248: in test_cannot_delete_other_viewer_ticket
    assert response.status_code == 404
E   assert 401 == 404
E    +  where 401 = &lt;Response [401]&gt;.status_code</failure></testcase><testcase classname="backend.tests.test_delete_and_ui_fixes.TestEventCreationWithChatReactions" name="test_create_event_with_chat_enabled" time="0.179" /><testcase classname="backend.tests.test_delete_and_ui_fixes.TestEventCreationWithChatReactions" name="test_create_event_with_geo_restricted" time="0.254" /><testcase classname="backend.tests.test_delete_and_ui_fixes.TestProModeCameraIdentity" name="test_pro_mode_device_registration_endpoint" time="0.458" /></testsuite></testsuites>