<?xml version="1.0" encoding="utf-8"?><testsuites name="pytest tests"><testsuite name="pytest" errors="0" failures="0" skipped="0" tests="13" time="4.250" timestamp="2026-02-17T20:41:19.666924+00:00" hostname="agent-env-df09c9f4-ca80-47ec-8eb2-9d2cd1f9da43"><testcase classname="backend.tests.test_admin.TestAdminLogin" name="test_admin_login_success" time="0.177" /><testcase classname="backend.tests.test_admin.TestAdminLogin" name="test_admin_login_invalid_email" time="0.200" /><testcase classname="backend.tests.test_admin.TestAdminLogin" name="test_admin_login_invalid_password" time="0.140" /><testcase classname="backend.tests.test_admin.TestAdminDashboard" name="test_dashboard_stats" time="0.297" /><testcase classname="backend.tests.test_admin.TestAdminDashboard" name="test_dashboard_unauthorized" time="0.154" /><testcase classname="backend.tests.test_admin.TestAdminUsers" name="test_get_all_users" time="0.327" /><testcase classname="backend.tests.test_admin.TestAdminUsers" name="test_users_unauthorized" time="0.176" /><testcase classname="backend.tests.test_admin.TestAdminEvents" name="test_get_all_events" time="1.101" /><testcase classname="backend.tests.test_admin.TestAdminEvents" name="test_events_unauthorized" time="0.419" /><testcase classname="backend.tests.test_admin.TestAdminTickets" name="test_get_all_tickets" time="0.274" /><testcase classname="backend.tests.test_admin.TestAdminTickets" name="test_tickets_unauthorized" time="0.152" /><testcase classname="backend.tests.test_admin.TestAdminBankInfo" name="test_get_bank_info" time="0.411" /><testcase classname="backend.tests.test_admin.TestAdminLiveMonitoring" name="test_live_monitoring" time="0.301" /></testsuite></testsuites>