<?xml version="1.0" encoding="utf-8"?><testsuites name="pytest tests"><testsuite name="pytest" errors="0" failures="0" skipped="0" tests="8" time="4.826" timestamp="2026-02-22T17:53:36.105623+00:00" hostname="agent-env-07793f9a-fe5a-45f7-98b6-5d7c59a4454b"><testcase classname="tests.test_websocket_chat_flow.TestWebSocketChatFlow" name="test_websocket_endpoint_exists" time="0.151" /><testcase classname="tests.test_websocket_chat_flow.TestWebSocketChatFlow" name="test_viewer_websocket_connection" time="0.190" /><testcase classname="tests.test_websocket_chat_flow.TestWebSocketChatFlow" name="test_creator_websocket_connection" time="0.183" /><testcase classname="tests.test_websocket_chat_flow.TestWebSocketChatFlow" name="test_viewer_sends_message_creator_receives" time="0.425" /><testcase classname="tests.test_websocket_chat_flow.TestWebSocketChatFlow" name="test_viewer_sends_reaction_creator_receives" time="3.427" /><testcase classname="tests.test_websocket_chat_flow.TestWebSocketChatFlow" name="test_chat_viewer_count_endpoint" time="0.112" /><testcase classname="tests.test_websocket_chat_flow.TestEventChatSettings" name="test_get_event_with_chat_enabled" time="0.138" /><testcase classname="tests.test_websocket_chat_flow.TestEventChatSettings" name="test_get_event_with_reactions_enabled" time="0.149" /></testsuite></testsuites>