<?xml version="1.0" encoding="utf-8"?><testsuites name="pytest tests"><testsuite name="pytest" errors="0" failures="0" skipped="0" tests="16" time="2.651" timestamp="2026-02-26T21:33:23.280406+00:00" hostname="agent-env-3890ae88-0afc-4765-a3be-03a83936ef7e"><testcase classname="backend.tests.test_security_privacy.TestSecurityCheckStatus" name="test_check_status_authenticated" time="0.268" /><testcase classname="backend.tests.test_security_privacy.TestSecurityCheckStatus" name="test_check_status_unauthenticated" time="0.140" /><testcase classname="backend.tests.test_security_privacy.TestSecurityReportCapture" name="test_report_screenshot_capture" time="0.130" /><testcase classname="backend.tests.test_security_privacy.TestSecurityReportCapture" name="test_report_recording_capture" time="0.119" /><testcase classname="backend.tests.test_security_privacy.TestSecurityReportCapture" name="test_report_screen_share_capture" time="0.165" /><testcase classname="backend.tests.test_security_privacy.TestSecurityReportCapture" name="test_report_visibility_hidden" time="0.154" /><testcase classname="backend.tests.test_security_privacy.TestSecurityReportCapture" name="test_report_capture_unauthenticated" time="0.148" /><testcase classname="backend.tests.test_security_privacy.TestAdminSecurityEndpoints" name="test_get_user_violations_admin" time="0.211" /><testcase classname="backend.tests.test_security_privacy.TestAdminSecurityEndpoints" name="test_get_user_violations_non_admin" time="0.125" /><testcase classname="backend.tests.test_security_privacy.TestAdminSecurityEndpoints" name="test_get_user_violations_unauthenticated" time="0.148" /><testcase classname="backend.tests.test_security_privacy.TestAdminSecurityEndpoints" name="test_lift_suspension_admin" time="0.140" /><testcase classname="backend.tests.test_security_privacy.TestAdminSecurityEndpoints" name="test_lift_suspension_non_admin" time="0.130" /><testcase classname="backend.tests.test_security_privacy.TestAdminSecurityEndpoints" name="test_lift_suspension_nonexistent_user" time="0.122" /><testcase classname="backend.tests.test_security_privacy.TestEscalationPolicy" name="test_escalation_thresholds_documented" time="0.139" /><testcase classname="backend.tests.test_security_privacy.TestSecurityEventLogging" name="test_events_contain_required_fields" time="0.324" /><testcase classname="backend.tests.test_security_privacy.TestSecurityResponseMessages" name="test_response_contains_message" time="0.120" /></testsuite></testsuites>