<?xml version="1.0" encoding="utf-8"?><testsuites name="pytest tests"><testsuite name="pytest" errors="0" failures="1" skipped="0" tests="17" time="2.830" timestamp="2026-02-19T02:13:12.220344+00:00" hostname="agent-env-57560d5a-3573-4257-9f2f-749eedc316d0"><testcase classname="tests.test_event_reminders_antipiracy.TestHealthAndBasics" name="test_events_endpoint" time="0.199" /><testcase classname="tests.test_event_reminders_antipiracy.TestEventGoLive" name="test_get_events_list" time="0.107" /><testcase classname="tests.test_event_reminders_antipiracy.TestEventGoLive" name="test_event_go_live_requires_auth" time="0.162" /><testcase classname="tests.test_event_reminders_antipiracy.TestEventGoLive" name="test_event_go_live_with_creator" time="0.190" /><testcase classname="tests.test_event_reminders_antipiracy.TestPromoCodesFunctionality" name="test_admin_login" time="0.164" /><testcase classname="tests.test_event_reminders_antipiracy.TestPromoCodesFunctionality" name="test_get_promo_codes_requires_admin" time="0.121" /><testcase classname="tests.test_event_reminders_antipiracy.TestPromoCodesFunctionality" name="test_get_promo_codes_with_admin" time="0.251" /><testcase classname="tests.test_event_reminders_antipiracy.TestPromoCodesFunctionality" name="test_create_promo_code" time="0.225"><failure message="AssertionError: assert None == 'TEST432F47'&#10; +  where None = &lt;built-in method get of dict object at 0xf90302e42080&gt;('code')&#10; +    where &lt;built-in method get of dict object at 0xf90302e42080&gt; = {'promo_code': {'code': 'TEST432F47', 'discount_type': 'percentage', 'discount_value': 50.0, 'id': '1f8831b5-56bd-4b71-8391-7e943ff2ed9a'}, 'success': True}.get">tests/test_event_reminders_antipiracy.py:187: in test_create_promo_code
    assert data.get("code") == promo_data["code"]
E   AssertionError: assert None == 'TEST432F47'
E    +  where None = &lt;built-in method get of dict object at 0xf90302e42080&gt;('code')
E    +    where &lt;built-in method get of dict object at 0xf90302e42080&gt; = {'promo_code': {'code': 'TEST432F47', 'discount_type': 'percentage', 'discount_value': 50.0, 'id': '1f8831b5-56bd-4b71-8391-7e943ff2ed9a'}, 'success': True}.get</failure></testcase><testcase classname="tests.test_event_reminders_antipiracy.TestStripeConnectPayouts" name="test_stripe_connect_status_requires_auth" time="0.207" /><testcase classname="tests.test_event_reminders_antipiracy.TestStripeConnectPayouts" name="test_stripe_connect_status_with_creator" time="0.122" /><testcase classname="tests.test_event_reminders_antipiracy.TestStripeConnectPayouts" name="test_stripe_connect_create_account_requires_auth" time="0.130" /><testcase classname="tests.test_event_reminders_antipiracy.TestNotificationsEndpoints" name="test_get_notifications_requires_auth" time="0.199" /><testcase classname="tests.test_event_reminders_antipiracy.TestNotificationsEndpoints" name="test_get_notifications_with_user" time="0.138" /><testcase classname="tests.test_event_reminders_antipiracy.TestRoleSelection" name="test_set_role_requires_auth" time="0.151" /><testcase classname="tests.test_event_reminders_antipiracy.TestRoleSelection" name="test_set_viewer_role" time="0.150" /><testcase classname="tests.test_event_reminders_antipiracy.TestRoleSelection" name="test_set_creator_role" time="0.112" /><testcase classname="tests.test_event_reminders_antipiracy.TestRoleSelection" name="test_invalid_role_rejected" time="0.114" /></testsuite></testsuites>