<?xml version="1.0" encoding="utf-8"?><testsuites name="pytest tests"><testsuite name="pytest" errors="0" failures="1" skipped="0" tests="16" time="15.953" timestamp="2026-02-19T16:37:30.283455+00:00" hostname="agent-env-57560d5a-3573-4257-9f2f-749eedc316d0"><testcase classname="backend.tests.test_geo_cancel_features.TestGeoFencingAndCancelFeatures" name="test_events_have_geo_fields" time="0.264" /><testcase classname="backend.tests.test_geo_cancel_features.TestGeoFencingAndCancelFeatures" name="test_check_geo_no_restriction" time="1.199" /><testcase classname="backend.tests.test_geo_cancel_features.TestGeoFencingAndCancelFeatures" name="test_check_geo_allowed_country" time="1.027" /><testcase classname="backend.tests.test_geo_cancel_features.TestGeoFencingAndCancelFeatures" name="test_check_geo_blocked_country" time="0.985" /><testcase classname="backend.tests.test_geo_cancel_features.TestGeoFencingAndCancelFeatures" name="test_check_geo_not_in_allowed_list" time="0.903" /><testcase classname="backend.tests.test_geo_cancel_features.TestGeoFencingAndCancelFeatures" name="test_get_geo_settings_requires_auth" time="0.950" /><testcase classname="backend.tests.test_geo_cancel_features.TestGeoFencingAndCancelFeatures" name="test_get_geo_settings_creator_only" time="1.390" /><testcase classname="backend.tests.test_geo_cancel_features.TestGeoFencingAndCancelFeatures" name="test_update_geo_settings" time="0.965"><failure message="AssertionError: assert 'US' in []">backend/tests/test_geo_cancel_features.py:318: in test_update_geo_settings
    assert "US" in data["allowed_countries"]
E   AssertionError: assert 'US' in []</failure></testcase><testcase classname="backend.tests.test_geo_cancel_features.TestGeoFencingAndCancelFeatures" name="test_cancel_event_requires_auth" time="0.873" /><testcase classname="backend.tests.test_geo_cancel_features.TestGeoFencingAndCancelFeatures" name="test_cancel_event_creator_only" time="1.270" /><testcase classname="backend.tests.test_geo_cancel_features.TestGeoFencingAndCancelFeatures" name="test_cancel_event_success" time="0.968" /><testcase classname="backend.tests.test_geo_cancel_features.TestGeoFencingAndCancelFeatures" name="test_cancel_event_with_tickets_refunds" time="2.986" /><testcase classname="backend.tests.test_geo_cancel_features.TestGeoFencingAndCancelFeatures" name="test_cancel_already_cancelled_event" time="1.025" /><testcase classname="backend.tests.test_geo_cancel_features.TestGeoFencingAndCancelFeatures" name="test_cancel_event_not_found" time="0.556" /><testcase classname="backend.tests.test_geo_cancel_features.TestGeoFencingAndCancelFeatures" name="test_admin_events_shows_creator_info" time="0.288" /><testcase classname="backend.tests.test_geo_cancel_features.TestTicketCalendarDownload" name="test_calendar_endpoint_requires_auth" time="0.162" /></testsuite></testsuites>