<?xml version="1.0" encoding="utf-8"?><testsuites name="pytest tests"><testsuite name="pytest" errors="0" failures="0" skipped="0" tests="20" time="2.572" timestamp="2026-02-18T23:12:13.164373+00:00" hostname="agent-env-57560d5a-3573-4257-9f2f-749eedc316d0"><testcase classname="tests.test_stripe_connect.TestStripeConnectStatus" name="test_status_returns_connected_false_for_new_user" time="0.547" /><testcase classname="tests.test_stripe_connect.TestStripeConnectStatus" name="test_status_requires_authentication" time="0.058" /><testcase classname="tests.test_stripe_connect.TestStripeConnectStatus" name="test_status_requires_creator_role" time="0.433" /><testcase classname="tests.test_stripe_connect.TestStripeConnectCreateAccount" name="test_create_account_requires_authentication" time="0.079" /><testcase classname="tests.test_stripe_connect.TestStripeConnectCreateAccount" name="test_create_account_requires_creator_role" time="0.070" /><testcase classname="tests.test_stripe_connect.TestStripeConnectCreateAccount" name="test_create_account_returns_stripe_error_with_invalid_key" time="0.266" /><testcase classname="tests.test_stripe_connect.TestStripeConnectOnboardingLink" name="test_onboarding_link_requires_authentication" time="0.056" /><testcase classname="tests.test_stripe_connect.TestStripeConnectOnboardingLink" name="test_onboarding_link_requires_creator_role" time="0.056" /><testcase classname="tests.test_stripe_connect.TestStripeConnectOnboardingLink" name="test_onboarding_link_returns_stripe_error_with_invalid_key" time="0.084" /><testcase classname="tests.test_stripe_connect.TestStripeConnectBalance" name="test_balance_returns_correct_structure" time="0.109" /><testcase classname="tests.test_stripe_connect.TestStripeConnectBalance" name="test_balance_requires_authentication" time="0.064" /><testcase classname="tests.test_stripe_connect.TestStripeConnectBalance" name="test_balance_requires_creator_role" time="0.084" /><testcase classname="tests.test_stripe_connect.TestCreatorEarnings" name="test_earnings_returns_correct_structure" time="0.086" /><testcase classname="tests.test_stripe_connect.TestCreatorEarnings" name="test_earnings_requires_authentication" time="0.076" /><testcase classname="tests.test_stripe_connect.TestCreatorEarnings" name="test_earnings_requires_creator_role" time="0.068" /><testcase classname="tests.test_stripe_connect.TestCreatorPayouts" name="test_payouts_returns_empty_list_for_new_user" time="0.063" /><testcase classname="tests.test_stripe_connect.TestCreatorPayouts" name="test_payouts_requires_authentication" time="0.060" /><testcase classname="tests.test_stripe_connect.TestCreatorPayouts" name="test_payouts_requires_creator_role" time="0.097" /><testcase classname="tests.test_stripe_connect.TestSelectRoleFlow" name="test_events_endpoint_works_without_auth" time="0.058" /><testcase classname="tests.test_stripe_connect.TestSelectRoleFlow" name="test_auth_me_returns_401_without_session" time="0.088" /></testsuite></testsuites>