<?xml version="1.0" encoding="utf-8"?><testsuites name="pytest tests"><testsuite name="pytest" errors="0" failures="0" skipped="0" tests="18" time="3.902" timestamp="2026-02-26T18:23:57.522243+00:00" hostname="agent-env-3890ae88-0afc-4765-a3be-03a83936ef7e"><testcase classname="backend.tests.test_pro_mode.TestProModeSessionCreation" name="test_get_event_has_premium_package" time="0.266" /><testcase classname="backend.tests.test_pro_mode.TestProModeSessionCreation" name="test_create_pro_mode_session_authenticated" time="0.410" /><testcase classname="backend.tests.test_pro_mode.TestProModeSessionCreation" name="test_create_pro_mode_session_unauthenticated_fails" time="0.126" /><testcase classname="backend.tests.test_pro_mode.TestProModeSessionRetrieval" name="test_get_pro_mode_session_authenticated" time="0.134" /><testcase classname="backend.tests.test_pro_mode.TestProModeSessionRetrieval" name="test_get_pro_mode_session_unauthenticated_fails" time="0.141" /><testcase classname="backend.tests.test_pro_mode.TestProModeSessionRetrieval" name="test_get_nonexistent_session_returns_404" time="0.113" /><testcase classname="backend.tests.test_pro_mode.TestProModePublicDeviceRegistration" name="test_register_device_with_valid_token" time="0.267" /><testcase classname="backend.tests.test_pro_mode.TestProModePublicDeviceRegistration" name="test_register_device_with_invalid_token_fails" time="0.111" /><testcase classname="backend.tests.test_pro_mode.TestProModePublicDeviceRegistration" name="test_register_device_invalid_device_number" time="0.366" /><testcase classname="backend.tests.test_pro_mode.TestProModeControlPanelConnect" name="test_connect_control_panel_authenticated" time="0.114" /><testcase classname="backend.tests.test_pro_mode.TestProModeControlPanelConnect" name="test_connect_control_panel_unauthenticated_fails" time="0.114" /><testcase classname="backend.tests.test_pro_mode.TestProModeDeviceSwitching" name="test_switch_device_authenticated" time="0.305" /><testcase classname="backend.tests.test_pro_mode.TestProModeDeviceSwitching" name="test_switch_device_unauthenticated_fails" time="0.127" /><testcase classname="backend.tests.test_pro_mode.TestProModeTransitionUpdate" name="test_update_transition_type_authenticated" time="0.660" /><testcase classname="backend.tests.test_pro_mode.TestProModeTransitionUpdate" name="test_update_transition_invalid_type_fails" time="0.146" /><testcase classname="backend.tests.test_pro_mode.TestProModeTransitionUpdate" name="test_update_transition_unauthenticated_fails" time="0.132" /><testcase classname="backend.tests.test_pro_mode.TestProModeGoLive" name="test_go_live_requires_connected_device" time="0.182" /><testcase classname="backend.tests.test_pro_mode.TestProModeGoLive" name="test_go_live_unauthenticated_fails" time="0.120" /></testsuite></testsuites>