<?xml version="1.0" encoding="utf-8"?><testsuites name="pytest tests"><testsuite name="pytest" errors="0" failures="0" skipped="0" tests="17" time="2.816" timestamp="2026-02-18T23:26:40.137895+00:00" hostname="agent-env-57560d5a-3573-4257-9f2f-749eedc316d0"><testcase classname="tests.test_websocket_chat.TestAuthEndpoints" name="test_auth_me_with_valid_session" time="0.197" /><testcase classname="tests.test_websocket_chat.TestAuthEndpoints" name="test_auth_me_without_session" time="0.138" /><testcase classname="tests.test_websocket_chat.TestChatEndpoints" name="test_get_chat_messages" time="0.154" /><testcase classname="tests.test_websocket_chat.TestChatEndpoints" name="test_send_chat_message" time="0.115" /><testcase classname="tests.test_websocket_chat.TestChatEndpoints" name="test_send_chat_message_requires_auth" time="0.128" /><testcase classname="tests.test_websocket_chat.TestChatEndpoints" name="test_get_viewer_count" time="0.144" /><testcase classname="tests.test_websocket_chat.TestReactionEndpoints" name="test_send_reaction" time="0.243" /><testcase classname="tests.test_websocket_chat.TestReactionEndpoints" name="test_get_reaction_counts" time="0.134" /><testcase classname="tests.test_websocket_chat.TestReactionEndpoints" name="test_invalid_reaction_type" time="0.117" /><testcase classname="tests.test_websocket_chat.TestEventEndpoints" name="test_get_events" time="0.105" /><testcase classname="tests.test_websocket_chat.TestEventEndpoints" name="test_get_event_with_chat_enabled" time="0.142" /><testcase classname="tests.test_websocket_chat.TestStripeConnectEndpoints" name="test_stripe_connect_status" time="0.110" /><testcase classname="tests.test_websocket_chat.TestStripeConnectEndpoints" name="test_stripe_connect_status_requires_auth" time="0.130" /><testcase classname="tests.test_websocket_chat.TestWebSocketChat" name="test_websocket_connection" time="0.292" /><testcase classname="tests.test_websocket_chat.TestWebSocketChat" name="test_websocket_ping_pong" time="0.248" /><testcase classname="tests.test_websocket_chat.TestWebSocketChat" name="test_websocket_viewer_count_broadcast" time="0.199" /><testcase classname="tests.test_websocket_chat.TestWebSocketChat" name="test_websocket_invalid_event" time="0.155" /></testsuite></testsuites>