<?xml version="1.0" encoding="utf-8"?><testsuites name="pytest tests"><testsuite name="pytest" errors="0" failures="2" skipped="0" tests="13" time="4.206" timestamp="2026-02-26T22:52:33.010247+00:00" hostname="agent-env-3890ae88-0afc-4765-a3be-03a83936ef7e"><testcase classname="backend.tests.test_chat_reactions_defaults.TestEventChatReactionsDefaults" name="test_get_events_returns_chat_enabled_field" time="0.313" /><testcase classname="backend.tests.test_chat_reactions_defaults.TestEventChatReactionsDefaults" name="test_get_events_returns_reactions_enabled_field" time="0.125" /><testcase classname="backend.tests.test_chat_reactions_defaults.TestEventChatReactionsDefaults" name="test_get_single_event_has_chat_fields" time="0.226" /><testcase classname="backend.tests.test_chat_reactions_defaults.TestEventCreationWithChatReactions" name="test_create_event_with_chat_enabled_true" time="0.387" /><testcase classname="backend.tests.test_chat_reactions_defaults.TestEventCreationWithChatReactions" name="test_create_event_with_chat_disabled" time="0.260" /><testcase classname="backend.tests.test_chat_reactions_defaults.TestEventCreationWithChatReactions" name="test_create_event_default_values" time="0.227" /><testcase classname="backend.tests.test_chat_reactions_defaults.TestGeoFencing" name="test_geo_check_non_restricted_event" time="0.630" /><testcase classname="backend.tests.test_chat_reactions_defaults.TestGeoFencing" name="test_create_geo_restricted_event" time="0.559" /><testcase classname="backend.tests.test_chat_reactions_defaults.TestChatEndpoints" name="test_get_chat_messages" time="0.296" /><testcase classname="backend.tests.test_chat_reactions_defaults.TestChatEndpoints" name="test_get_chat_viewer_count" time="0.280" /><testcase classname="backend.tests.test_chat_reactions_defaults.TestReactionsEndpoints" name="test_get_reactions_count" time="0.381"><failure message="AssertionError: Response should have event_id field&#10;assert 'event_id' in {'counts': {'clap': 1, 'fire': 3, 'heart': 2}, 'reactions_enabled': True}">backend/tests/test_chat_reactions_defaults.py:396: in test_get_reactions_count
    assert "event_id" in result, "Response should have event_id field"
E   AssertionError: Response should have event_id field
E   assert 'event_id' in {'counts': {'clap': 1, 'fire': 3, 'heart': 2}, 'reactions_enabled': True}</failure></testcase><testcase classname="backend.tests.test_chat_reactions_defaults.TestReactionsEndpoints" name="test_post_reaction_to_event" time="0.268"><failure message="AssertionError: Expected 200, got 422: {&quot;detail&quot;:[{&quot;type&quot;:&quot;missing&quot;,&quot;loc&quot;:[&quot;body&quot;,&quot;reaction_type&quot;],&quot;msg&quot;:&quot;Field required&quot;,&quot;input&quot;:{&quot;emoji&quot;:&quot;❤️&quot;},&quot;url&quot;:&quot;https://errors.pydantic.dev/2.12/v/missing&quot;}]}&#10;assert 422 == 200&#10; +  where 422 = &lt;Response [422]&gt;.status_code">backend/tests/test_chat_reactions_defaults.py:443: in test_post_reaction_to_event
    assert response.status_code == 200, f"Expected 200, got {response.status_code}: {response.text}"
E   AssertionError: Expected 200, got 422: {"detail":[{"type":"missing","loc":["body","reaction_type"],"msg":"Field required","input":{"emoji":"❤️"},"url":"https://errors.pydantic.dev/2.12/v/missing"}]}
E   assert 422 == 200
E    +  where 422 = &lt;Response [422]&gt;.status_code</failure></testcase><testcase classname="backend.tests.test_chat_reactions_defaults.TestCreatorMyEvents" name="test_my_events_has_chat_fields" time="0.113" /></testsuite></testsuites>