<?xml version="1.0" encoding="utf-8"?><testsuites name="pytest tests"><testsuite name="pytest" errors="0" failures="2" skipped="0" tests="18" time="3.387" timestamp="2026-02-26T18:22:50.410650+00:00" hostname="agent-env-3890ae88-0afc-4765-a3be-03a83936ef7e"><testcase classname="backend.tests.test_pro_mode.TestProModeSessionCreation" name="test_get_event_has_premium_package" time="0.224" /><testcase classname="backend.tests.test_pro_mode.TestProModeSessionCreation" name="test_create_pro_mode_session_authenticated" time="0.257" /><testcase classname="backend.tests.test_pro_mode.TestProModeSessionCreation" name="test_create_pro_mode_session_unauthenticated_fails" time="0.123" /><testcase classname="backend.tests.test_pro_mode.TestProModeSessionRetrieval" name="test_get_pro_mode_session_authenticated" time="0.200" /><testcase classname="backend.tests.test_pro_mode.TestProModeSessionRetrieval" name="test_get_pro_mode_session_unauthenticated_fails" time="0.141" /><testcase classname="backend.tests.test_pro_mode.TestProModeSessionRetrieval" name="test_get_nonexistent_session_returns_404" time="0.145" /><testcase classname="backend.tests.test_pro_mode.TestProModePublicDeviceRegistration" name="test_register_device_with_valid_token" time="0.260"><failure message="AssertionError: Expected 200, got 400: {&quot;detail&quot;:&quot;Device 1 is already connected&quot;}&#10;assert 400 == 200&#10; +  where 400 = &lt;Response [400]&gt;.status_code">backend/tests/test_pro_mode.py:136: in test_register_device_with_valid_token
    assert response.status_code == 200, f"Expected 200, got {response.status_code}: {response.text}"
E   AssertionError: Expected 200, got 400: {"detail":"Device 1 is already connected"}
E   assert 400 == 200
E    +  where 400 = &lt;Response [400]&gt;.status_code</failure></testcase><testcase classname="backend.tests.test_pro_mode.TestProModePublicDeviceRegistration" name="test_register_device_with_invalid_token_fails" time="0.106" /><testcase classname="backend.tests.test_pro_mode.TestProModePublicDeviceRegistration" name="test_register_device_invalid_device_number" time="0.485" /><testcase classname="backend.tests.test_pro_mode.TestProModeControlPanelConnect" name="test_connect_control_panel_authenticated" time="0.116" /><testcase classname="backend.tests.test_pro_mode.TestProModeControlPanelConnect" name="test_connect_control_panel_unauthenticated_fails" time="0.170" /><testcase classname="backend.tests.test_pro_mode.TestProModeDeviceSwitching" name="test_switch_device_authenticated" time="0.276" /><testcase classname="backend.tests.test_pro_mode.TestProModeDeviceSwitching" name="test_switch_device_unauthenticated_fails" time="0.130" /><testcase classname="backend.tests.test_pro_mode.TestProModeTransitionUpdate" name="test_update_transition_type_authenticated" time="0.120"><failure message="AssertionError: Expected 200 for cut, got 404: {&quot;detail&quot;:&quot;Session not found&quot;}&#10;assert 404 == 200&#10; +  where 404 = &lt;Response [404]&gt;.status_code">backend/tests/test_pro_mode.py:320: in test_update_transition_type_authenticated
    assert response.status_code == 200, f"Expected 200 for {transition}, got {response.status_code}: {response.text}"
E   AssertionError: Expected 200 for cut, got 404: {"detail":"Session not found"}
E   assert 404 == 200
E    +  where 404 = &lt;Response [404]&gt;.status_code</failure></testcase><testcase classname="backend.tests.test_pro_mode.TestProModeTransitionUpdate" name="test_update_transition_invalid_type_fails" time="0.114" /><testcase classname="backend.tests.test_pro_mode.TestProModeTransitionUpdate" name="test_update_transition_unauthenticated_fails" time="0.123" /><testcase classname="backend.tests.test_pro_mode.TestProModeGoLive" name="test_go_live_requires_connected_device" time="0.130" /><testcase classname="backend.tests.test_pro_mode.TestProModeGoLive" name="test_go_live_unauthenticated_fails" time="0.117" /></testsuite></testsuites>