<?xml version="1.0" encoding="utf-8"?><testsuites name="pytest tests"><testsuite name="pytest" errors="0" failures="0" skipped="0" tests="23" time="16.085" timestamp="2026-02-18T23:56:11.140031+00:00" hostname="agent-env-57560d5a-3573-4257-9f2f-749eedc316d0"><testcase classname="backend.tests.test_promo_codes.TestPromoCodeAdmin" name="test_get_promo_codes_requires_admin" time="0.389" /><testcase classname="backend.tests.test_promo_codes.TestPromoCodeAdmin" name="test_get_promo_codes_success" time="0.288" /><testcase classname="backend.tests.test_promo_codes.TestPromoCodeAdmin" name="test_create_promo_code_percentage" time="0.379" /><testcase classname="backend.tests.test_promo_codes.TestPromoCodeAdmin" name="test_create_promo_code_fixed" time="0.390" /><testcase classname="backend.tests.test_promo_codes.TestPromoCodeAdmin" name="test_create_promo_code_with_dates" time="0.534" /><testcase classname="backend.tests.test_promo_codes.TestPromoCodeAdmin" name="test_create_promo_code_duplicate_fails" time="0.523" /><testcase classname="backend.tests.test_promo_codes.TestPromoCodeAdmin" name="test_create_promo_code_invalid_percentage" time="0.282" /><testcase classname="backend.tests.test_promo_codes.TestPromoCodeAdmin" name="test_update_promo_code" time="0.716" /><testcase classname="backend.tests.test_promo_codes.TestPromoCodeAdmin" name="test_update_promo_code_toggle_active" time="0.602" /><testcase classname="backend.tests.test_promo_codes.TestPromoCodeAdmin" name="test_delete_promo_code" time="0.507" /><testcase classname="backend.tests.test_promo_codes.TestPromoCodeAdmin" name="test_delete_promo_code_not_found" time="0.224" /><testcase classname="backend.tests.test_promo_codes.TestPromoCodeValidation" name="test_validate_promo_code_requires_auth" time="0.754" /><testcase classname="backend.tests.test_promo_codes.TestPromoCodeValidation" name="test_validate_promo_code_percentage" time="0.962" /><testcase classname="backend.tests.test_promo_codes.TestPromoCodeValidation" name="test_validate_promo_code_fixed" time="0.857" /><testcase classname="backend.tests.test_promo_codes.TestPromoCodeValidation" name="test_validate_promo_code_100_percent_free" time="0.948" /><testcase classname="backend.tests.test_promo_codes.TestPromoCodeValidation" name="test_validate_promo_code_invalid" time="0.601" /><testcase classname="backend.tests.test_promo_codes.TestPromoCodeValidation" name="test_validate_promo_code_inactive" time="1.070" /><testcase classname="backend.tests.test_promo_codes.TestPromoCodeValidation" name="test_validate_promo_code_expired" time="0.979" /><testcase classname="backend.tests.test_promo_codes.TestPromoCodeValidation" name="test_validate_promo_code_not_started" time="0.974" /><testcase classname="backend.tests.test_promo_codes.TestPromoCodeValidation" name="test_validate_promo_code_max_uses_reached" time="0.971" /><testcase classname="backend.tests.test_promo_codes.TestPromoCodeValidation" name="test_validate_promo_code_wrong_purchase_type" time="0.978" /><testcase classname="backend.tests.test_promo_codes.TestPromoCodeValidation" name="test_validate_promo_code_applies_to_all" time="1.077" /><testcase classname="backend.tests.test_promo_codes.TestPromoCodeApply" name="test_apply_promo_code_increments_usage" time="0.993" /></testsuite></testsuites>